2023-07-24 10:47:12,844 - INFO - select pg_catalog.version()
2023-07-24 10:47:12,844 - INFO - [raw sql] {}
2023-07-24 10:47:12,847 - INFO - select current_schema()
2023-07-24 10:47:12,848 - INFO - [raw sql] {}
2023-07-24 10:47:12,849 - INFO - show standard_conforming_strings
2023-07-24 10:47:12,850 - INFO - [raw sql] {}
2023-07-24 10:47:12,851 - INFO - BEGIN (implicit)
2023-07-24 10:47:12,855 - INFO - SELECT "Users".username AS "Users_username", "Users".password AS "Users_password", "Users"."isAdmin" AS "Users_isAdmin" 
FROM "Users" 
WHERE "Users".username = %(username_1)s 
 LIMIT %(param_1)s
2023-07-24 10:47:12,857 - INFO - [generated in 0.00152s] {'username_1': 'string', 'param_1': 1}
2023-07-24 10:47:12,865 - INFO - ROLLBACK
2023-07-24 10:50:41,562 - INFO - BEGIN (implicit)
2023-07-24 10:50:41,563 - INFO - SELECT "Users".username AS "Users_username", "Users".password AS "Users_password", "Users"."isAdmin" AS "Users_isAdmin" 
FROM "Users" 
WHERE "Users".username = %(username_1)s 
 LIMIT %(param_1)s
2023-07-24 10:50:41,564 - INFO - [cached since 208.7s ago] {'username_1': 'string', 'param_1': 1}
2023-07-24 10:50:41,568 - INFO - ROLLBACK
2023-07-24 10:50:41,588 - INFO - BEGIN (implicit)
2023-07-24 10:50:41,589 - INFO - SELECT "Users".username AS "Users_username", "Users".password AS "Users_password", "Users"."isAdmin" AS "Users_isAdmin" 
FROM "Users" 
WHERE "Users".username = %(username_1)s 
 LIMIT %(param_1)s
2023-07-24 10:50:41,590 - INFO - [cached since 208.7s ago] {'username_1': 'string', 'param_1': 1}
2023-07-24 10:50:41,594 - INFO - ROLLBACK
2023-07-24 10:50:52,218 - INFO - BEGIN (implicit)
2023-07-24 10:50:52,219 - INFO - SELECT "Authors".author_id AS "Authors_author_id", "Authors".name AS "Authors_name" 
FROM "Authors"
2023-07-24 10:50:52,220 - INFO - [generated in 0.00100s] {}
2023-07-24 10:50:52,226 - INFO - All Authors displayed
2023-07-24 10:50:52,228 - INFO - ROLLBACK
2023-07-24 10:50:52,230 - INFO - BEGIN (implicit)
2023-07-24 10:50:52,231 - INFO - SELECT "Authors".author_id AS "Authors_author_id", "Authors".name AS "Authors_name" 
FROM "Authors"
2023-07-24 10:50:52,232 - INFO - [cached since 0.01271s ago] {}
2023-07-24 10:50:52,233 - INFO - All Authors displayed
2023-07-24 10:50:52,235 - INFO - ROLLBACK
2023-07-24 10:53:05,234 - INFO - BEGIN (implicit)
2023-07-24 10:53:05,235 - INFO - SELECT "Users".username AS "Users_username", "Users".password AS "Users_password", "Users"."isAdmin" AS "Users_isAdmin" 
FROM "Users" 
WHERE "Users".username = %(username_1)s 
 LIMIT %(param_1)s
2023-07-24 10:53:05,236 - INFO - [cached since 352.4s ago] {'username_1': 'string', 'param_1': 1}
2023-07-24 10:53:05,239 - INFO - ROLLBACK
2023-07-24 10:53:05,291 - INFO - BEGIN (implicit)
2023-07-24 10:53:05,292 - INFO - SELECT "Users".username AS "Users_username", "Users".password AS "Users_password", "Users"."isAdmin" AS "Users_isAdmin" 
FROM "Users" 
WHERE "Users".username = %(username_1)s 
 LIMIT %(param_1)s
2023-07-24 10:53:05,294 - INFO - [cached since 352.4s ago] {'username_1': 'string', 'param_1': 1}
2023-07-24 10:53:05,298 - INFO - ROLLBACK
2023-07-24 10:53:14,978 - INFO - BEGIN (implicit)
2023-07-24 10:53:14,979 - INFO - SELECT "Authors".author_id AS "Authors_author_id", "Authors".name AS "Authors_name" 
FROM "Authors"
2023-07-24 10:53:14,980 - INFO - [cached since 142.8s ago] {}
2023-07-24 10:53:14,981 - INFO - All Authors displayed
2023-07-24 10:53:14,984 - INFO - ROLLBACK
2023-07-24 10:53:14,986 - INFO - BEGIN (implicit)
2023-07-24 10:53:14,987 - INFO - SELECT "Authors".author_id AS "Authors_author_id", "Authors".name AS "Authors_name" 
FROM "Authors"
2023-07-24 10:53:14,988 - INFO - [cached since 142.8s ago] {}
2023-07-24 10:53:14,989 - INFO - All Authors displayed
2023-07-24 10:53:14,991 - INFO - ROLLBACK
2023-07-24 10:53:26,784 - INFO - BEGIN (implicit)
2023-07-24 10:53:26,785 - INFO - SELECT "Users".username AS "Users_username", "Users".password AS "Users_password", "Users"."isAdmin" AS "Users_isAdmin" 
FROM "Users" 
WHERE "Users".username = %(username_1)s 
 LIMIT %(param_1)s
2023-07-24 10:53:26,786 - INFO - [cached since 373.9s ago] {'username_1': 'string', 'param_1': 1}
2023-07-24 10:53:26,790 - INFO - ROLLBACK
2023-07-24 10:53:26,834 - INFO - BEGIN (implicit)
2023-07-24 10:53:26,835 - INFO - SELECT "Users".username AS "Users_username", "Users".password AS "Users_password", "Users"."isAdmin" AS "Users_isAdmin" 
FROM "Users" 
WHERE "Users".username = %(username_1)s 
 LIMIT %(param_1)s
2023-07-24 10:53:26,837 - INFO - [cached since 374s ago] {'username_1': 'string', 'param_1': 1}
2023-07-24 10:53:26,840 - INFO - ROLLBACK
2023-07-24 10:53:30,040 - INFO - BEGIN (implicit)
2023-07-24 10:53:30,042 - INFO - SELECT "Books".book_id AS "Books_book_id", "Books".title AS "Books_title", "Books".summary AS "Books_summary", "Books".isbn AS "Books_isbn", "Books".author AS "Books_author" 
FROM "Books"
2023-07-24 10:53:30,043 - INFO - [generated in 0.00129s] {}
2023-07-24 10:53:30,048 - INFO - all books displayed
2023-07-24 10:53:30,050 - INFO - ROLLBACK
2023-07-24 10:53:30,054 - INFO - BEGIN (implicit)
2023-07-24 10:53:30,054 - INFO - SELECT "Books".book_id AS "Books_book_id", "Books".title AS "Books_title", "Books".summary AS "Books_summary", "Books".isbn AS "Books_isbn", "Books".author AS "Books_author" 
FROM "Books"
2023-07-24 10:53:30,055 - INFO - [cached since 0.01335s ago] {}
2023-07-24 10:53:30,057 - INFO - all books displayed
2023-07-24 10:53:30,060 - INFO - ROLLBACK
2023-07-24 10:54:10,133 - INFO - BEGIN (implicit)
2023-07-24 10:54:10,134 - INFO - SELECT "Users".username AS "Users_username", "Users".password AS "Users_password", "Users"."isAdmin" AS "Users_isAdmin" 
FROM "Users"
2023-07-24 10:54:10,135 - INFO - [generated in 0.00093s] {}
2023-07-24 10:54:10,136 - INFO - all users displayed
2023-07-24 10:54:10,138 - INFO - ROLLBACK
2023-07-24 10:54:32,410 - INFO - BEGIN (implicit)
2023-07-24 10:54:32,411 - INFO - SELECT "Users".username AS "Users_username", "Users".password AS "Users_password", "Users"."isAdmin" AS "Users_isAdmin" 
FROM "Users" 
WHERE "Users".username = %(username_1)s 
 LIMIT %(param_1)s
2023-07-24 10:54:32,412 - INFO - [cached since 439.6s ago] {'username_1': 'newuser', 'param_1': 1}
2023-07-24 10:54:32,413 - ERROR - User not found
NoneType: None
2023-07-24 10:54:32,414 - INFO - ROLLBACK
2023-07-24 10:54:56,504 - INFO - BEGIN (implicit)
2023-07-24 10:54:56,504 - INFO - SELECT "Users".username AS "Users_username", "Users".password AS "Users_password", "Users"."isAdmin" AS "Users_isAdmin" 
FROM "Users" 
WHERE "Users".username = %(username_1)s 
 LIMIT %(param_1)s
2023-07-24 10:54:56,506 - INFO - [cached since 463.6s ago] {'username_1': 'otheruser', 'param_1': 1}
2023-07-24 10:54:56,508 - INFO - ROLLBACK
2023-07-24 10:54:56,537 - INFO - BEGIN (implicit)
2023-07-24 10:54:56,539 - INFO - SELECT "Users".username AS "Users_username", "Users".password AS "Users_password", "Users"."isAdmin" AS "Users_isAdmin" 
FROM "Users" 
WHERE "Users".username = %(username_1)s 
 LIMIT %(param_1)s
2023-07-24 10:54:56,540 - INFO - [cached since 463.7s ago] {'username_1': 'otheruser', 'param_1': 1}
2023-07-24 10:54:56,544 - INFO - ROLLBACK
